+ cd /ocean/projects/bio250058p/dboyes/ImageLibrary/Biofilm-Phenotype-Landscape/src
+ module load anaconda3
++ /usr/share/lmod/lmod/libexec/lmod bash load anaconda3
+ eval '__LMOD_REF_COUNT_ACLOCAL_PATH=/opt/packages/anaconda3-2024.10-1/share/aclocal:1;' export '__LMOD_REF_COUNT_ACLOCAL_PATH;' 'ACLOCAL_PATH=/opt/packages/anaconda3-2024.10-1/share/aclocal;' export 'ACLOCAL_PATH;' '__LMOD_REF_COUNT_CMAKE_PREFIX_PATH=/opt/packages/anaconda3-2024.10-1:1;' export '__LMOD_REF_COUNT_CMAKE_PREFIX_PATH;' 'CMAKE_PREFIX_PATH=/opt/packages/anaconda3-2024.10-1;' export 'CMAKE_PREFIX_PATH;' 'CONDA_PKGS_DIRS=\$HOME/.conda/pkgs/;' export 'CONDA_PKGS_DIRS;' '__LMOD_REF_COUNT_CPLUS_INCLUDE_PATH=/opt/packages/anaconda3-2024.10-1/include:1;' export '__LMOD_REF_COUNT_CPLUS_INCLUDE_PATH;' 'CPLUS_INCLUDE_PATH=/opt/packages/anaconda3-2024.10-1/include;' export 'CPLUS_INCLUDE_PATH;' '__LMOD_REF_COUNT_C_INCLUDE_PATH=/opt/packages/anaconda3-2024.10-1/include:1;' export '__LMOD_REF_COUNT_C_INCLUDE_PATH;' 'C_INCLUDE_PATH=/opt/packages/anaconda3-2024.10-1/include;' export 'C_INCLUDE_PATH;' '__LMOD_REF_COUNT_INCLUDE=/opt/packages/anaconda3-2024.10-1/include:1;' export '__LMOD_REF_COUNT_INCLUDE;' 'INCLUDE=/opt/packages/anaconda3-2024.10-1/include;' export 'INCLUDE;' '__LMOD_REF_COUNT_LOADEDMODULES=allocations/1.0:1\;psc.allocations.user/1.0:1\;anaconda3/2024.10-1:1;' export '__LMOD_REF_COUNT_LOADEDMODULES;' 'LOADEDMODULES=allocations/1.0:psc.allocations.user/1.0:anaconda3/2024.10-1;' export 'LOADEDMODULES;' '__LMOD_REF_COUNT_MANPATH=/jet/home/dboyes/.nvm/versions/node/v24.4.1/share/man:1\;/usr/share/lmod/lmod/share/man:1\;/opt/puppetlabs/puppet/share/man:1\;/opt/packages/anaconda3-2024.10-1/man:1\;/opt/packages/anaconda3-2024.10-1/share/man:1;' export '__LMOD_REF_COUNT_MANPATH;' 'MANPATH=/jet/home/dboyes/.nvm/versions/node/v24.4.1/share/man:/usr/share/lmod/lmod/share/man::/opt/puppetlabs/puppet/share/man:/opt/packages/anaconda3-2024.10-1/man:/opt/packages/anaconda3-2024.10-1/share/man;' export 'MANPATH;' 'MODULEPATH=/etc/scl/modulefiles:/opt/modulefiles/production:/opt/modulefiles/preproduction:/opt/modulefiles/deprecated:/usr/share/modulefiles:/usr/share/modulefiles/Linux:/usr/share/modulefiles/Core:/usr/share/lmod/lmod/modulefiles/Core;' export 'MODULEPATH;' '__LMOD_REF_COUNT_PATH=/opt/packages/anaconda3-2024.10-1/bin:1\;/opt/packages/anaconda3-2024.10-1/condabin:1\;/jet/home/dboyes/.nvm/versions/node/v24.4.1/bin:1\;/jet/home/dboyes/perl5/bin:1\;/opt/packages/anaconda3-2022.10/bin:1\;/opt/packages/anaconda3-2022.10/condabin:1\;/jet/home/dboyes/.local/bin:1\;/jet/home/dboyes/bin:1\;/opt/packages/psc.allocations.user/bin:1\;/opt/packages/allocations/bin:1\;/usr/local/bin:1\;/usr/bin:1\;/usr/local/sbin:1\;/usr/sbin:1\;/opt/packages/interact/bin:1\;/opt/puppetlabs/bin:1;' export '__LMOD_REF_COUNT_PATH;' 'PATH=/opt/packages/anaconda3-2024.10-1/bin:/opt/packages/anaconda3-2024.10-1/condabin:/jet/home/dboyes/.nvm/versions/node/v24.4.1/bin:/jet/home/dboyes/perl5/bin:/opt/packages/anaconda3-2022.10/bin:/opt/packages/anaconda3-2022.10/condabin:/jet/home/dboyes/.local/bin:/jet/home/dboyes/bin:/opt/packages/psc.allocations.user/bin:/opt/packages/allocations/bin:/usr/local/bin:/usr/bin:/usr/local/sbin:/usr/sbin:/opt/packages/interact/bin:/opt/puppetlabs/bin;' export 'PATH;' '__LMOD_REF_COUNT_PKG_CONFIG_PATH=/opt/packages/anaconda3-2024.10-1/lib/pkgconfig:1;' export '__LMOD_REF_COUNT_PKG_CONFIG_PATH;' 'PKG_CONFIG_PATH=/opt/packages/anaconda3-2024.10-1/lib/pkgconfig;' export 'PKG_CONFIG_PATH;' '__LMOD_REF_COUNT__LMFILES_=/opt/modulefiles/production/allocations/1.0.lua:1\;/opt/modulefiles/production/psc.allocations.user/1.0.lua:1\;/opt/modulefiles/production/anaconda3/2024.10-1.lua:1;' export '__LMOD_REF_COUNT__LMFILES_;' '_LMFILES_=/opt/modulefiles/production/allocations/1.0.lua:/opt/modulefiles/production/psc.allocations.user/1.0.lua:/opt/modulefiles/production/anaconda3/2024.10-1.lua;' export '_LMFILES_;' '_ModuleTable001_=X01vZHVsZVRhYmxlXz17WyJNVHZlcnNpb24iXT0zLFsiY19yZWJ1aWxkVGltZSJdPWZhbHNlLFsiY19zaG9ydFRpbWUiXT1mYWxzZSxkZXB0aFQ9e30sZmFtaWx5PXt9LG1UPXthbGxvY2F0aW9ucz17WyJmbiJdPSIvb3B0L21vZHVsZWZpbGVzL3Byb2R1Y3Rpb24vYWxsb2NhdGlvbnMvMS4wLmx1YSIsWyJmdWxsTmFtZSJdPSJhbGxvY2F0aW9ucy8xLjAiLFsibG9hZE9yZGVyIl09MSxwcm9wVD17fSxbInN0YWNrRGVwdGgiXT0wLFsic3RhdHVzIl09ImFjdGl2ZSIsWyJ1c2VyTmFtZSJdPSJhbGxvY2F0aW9ucyIsfSxhbmFjb25kYTM9e1siZm4iXT0iL29wdC9tb2R1bGVmaWxlcy9wcm9kdWN0aW9uL2FuYWNvbmRhMy8yMDI0LjEwLTEubHVhIixbImZ1bGxOYW1lIl09ImFuYWNv;' export '_ModuleTable001_;' '_ModuleTable002_=bmRhMy8yMDI0LjEwLTEiLFsibG9hZE9yZGVyIl09Myxwcm9wVD17fSxbInN0YWNrRGVwdGgiXT0wLFsic3RhdHVzIl09ImFjdGl2ZSIsWyJ1c2VyTmFtZSJdPSJhbmFjb25kYTMiLH0sWyJwc2MuYWxsb2NhdGlvbnMudXNlciJdPXtbImZuIl09Ii9vcHQvbW9kdWxlZmlsZXMvcHJvZHVjdGlvbi9wc2MuYWxsb2NhdGlvbnMudXNlci8xLjAubHVhIixbImZ1bGxOYW1lIl09InBzYy5hbGxvY2F0aW9ucy51c2VyLzEuMCIsWyJsb2FkT3JkZXIiXT0yLHByb3BUPXt9LFsic3RhY2tEZXB0aCJdPTAsWyJzdGF0dXMiXT0iYWN0aXZlIixbInVzZXJOYW1lIl09InBzYy5hbGxvY2F0aW9ucy51c2VyIix9LH0sbXBhdGhBPXsiL2V0Yy9zY2wvbW9kdWxlZmlsZXMiLCIvb3B0L21vZHVsZWZp;' export '_ModuleTable002_;' '_ModuleTable003_=bGVzL3Byb2R1Y3Rpb24iLCIvb3B0L21vZHVsZWZpbGVzL3ByZXByb2R1Y3Rpb24iLCIvb3B0L21vZHVsZWZpbGVzL2RlcHJlY2F0ZWQiLCIvdXNyL3NoYXJlL21vZHVsZWZpbGVzIiwiL3Vzci9zaGFyZS9tb2R1bGVmaWxlcy9MaW51eCIsIi91c3Ivc2hhcmUvbW9kdWxlZmlsZXMvQ29yZSIsIi91c3Ivc2hhcmUvbG1vZC9sbW9kL21vZHVsZWZpbGVzL0NvcmUiLH0sWyJzeXN0ZW1CYXNlTVBBVEgiXT0iL2V0Yy9zY2wvbW9kdWxlZmlsZXM6L29wdC9tb2R1bGVmaWxlcy9wcm9kdWN0aW9uOi9vcHQvbW9kdWxlZmlsZXMvcHJlcHJvZHVjdGlvbjovb3B0L21vZHVsZWZpbGVzL2RlcHJlY2F0ZWQ6L3Vzci9zaGFyZS9tb2R1bGVmaWxlczovdXNyL3NoYXJlL21vZHVsZWZpbGVzL0xp;' export '_ModuleTable003_;' '_ModuleTable004_=bnV4Oi91c3Ivc2hhcmUvbW9kdWxlZmlsZXMvQ29yZTovdXNyL3NoYXJlL2xtb2QvbG1vZC9tb2R1bGVmaWxlcy9Db3JlIix9;' export '_ModuleTable004_;' '_ModuleTable_Sz_=4;' export '_ModuleTable_Sz_;' '__LMOD_STACK_CONDA_PKGS_DIRS=JEhPTUUvLmNvbmRhL3BrZ3Mv;' export '__LMOD_STACK_CONDA_PKGS_DIRS;' source '/opt/packages/anaconda3-2024.10-1/etc/profile.d/conda.sh;' conda 'activate;'
++ __LMOD_REF_COUNT_ACLOCAL_PATH=/opt/packages/anaconda3-2024.10-1/share/aclocal:1
++ export __LMOD_REF_COUNT_ACLOCAL_PATH
++ ACLOCAL_PATH=/opt/packages/anaconda3-2024.10-1/share/aclocal
++ export ACLOCAL_PATH
++ __LMOD_REF_COUNT_CMAKE_PREFIX_PATH=/opt/packages/anaconda3-2024.10-1:1
++ export __LMOD_REF_COUNT_CMAKE_PREFIX_PATH
++ CMAKE_PREFIX_PATH=/opt/packages/anaconda3-2024.10-1
++ export CMAKE_PREFIX_PATH
++ CONDA_PKGS_DIRS='$HOME/.conda/pkgs/'
++ export CONDA_PKGS_DIRS
++ __LMOD_REF_COUNT_CPLUS_INCLUDE_PATH=/opt/packages/anaconda3-2024.10-1/include:1
++ export __LMOD_REF_COUNT_CPLUS_INCLUDE_PATH
++ CPLUS_INCLUDE_PATH=/opt/packages/anaconda3-2024.10-1/include
++ export CPLUS_INCLUDE_PATH
++ __LMOD_REF_COUNT_C_INCLUDE_PATH=/opt/packages/anaconda3-2024.10-1/include:1
++ export __LMOD_REF_COUNT_C_INCLUDE_PATH
++ C_INCLUDE_PATH=/opt/packages/anaconda3-2024.10-1/include
++ export C_INCLUDE_PATH
++ __LMOD_REF_COUNT_INCLUDE=/opt/packages/anaconda3-2024.10-1/include:1
++ export __LMOD_REF_COUNT_INCLUDE
++ INCLUDE=/opt/packages/anaconda3-2024.10-1/include
++ export INCLUDE
++ __LMOD_REF_COUNT_LOADEDMODULES='allocations/1.0:1;psc.allocations.user/1.0:1;anaconda3/2024.10-1:1'
++ export __LMOD_REF_COUNT_LOADEDMODULES
++ LOADEDMODULES=allocations/1.0:psc.allocations.user/1.0:anaconda3/2024.10-1
++ export LOADEDMODULES
++ __LMOD_REF_COUNT_MANPATH='/jet/home/dboyes/.nvm/versions/node/v24.4.1/share/man:1;/usr/share/lmod/lmod/share/man:1;/opt/puppetlabs/puppet/share/man:1;/opt/packages/anaconda3-2024.10-1/man:1;/opt/packages/anaconda3-2024.10-1/share/man:1'
++ export __LMOD_REF_COUNT_MANPATH
++ MANPATH=/jet/home/dboyes/.nvm/versions/node/v24.4.1/share/man:/usr/share/lmod/lmod/share/man::/opt/puppetlabs/puppet/share/man:/opt/packages/anaconda3-2024.10-1/man:/opt/packages/anaconda3-2024.10-1/share/man
++ export MANPATH
++ MODULEPATH=/etc/scl/modulefiles:/opt/modulefiles/production:/opt/modulefiles/preproduction:/opt/modulefiles/deprecated:/usr/share/modulefiles:/usr/share/modulefiles/Linux:/usr/share/modulefiles/Core:/usr/share/lmod/lmod/modulefiles/Core
++ export MODULEPATH
++ __LMOD_REF_COUNT_PATH='/opt/packages/anaconda3-2024.10-1/bin:1;/opt/packages/anaconda3-2024.10-1/condabin:1;/jet/home/dboyes/.nvm/versions/node/v24.4.1/bin:1;/jet/home/dboyes/perl5/bin:1;/opt/packages/anaconda3-2022.10/bin:1;/opt/packages/anaconda3-2022.10/condabin:1;/jet/home/dboyes/.local/bin:1;/jet/home/dboyes/bin:1;/opt/packages/psc.allocations.user/bin:1;/opt/packages/allocations/bin:1;/usr/local/bin:1;/usr/bin:1;/usr/local/sbin:1;/usr/sbin:1;/opt/packages/interact/bin:1;/opt/puppetlabs/bin:1'
++ export __LMOD_REF_COUNT_PATH
++ PATH=/opt/packages/anaconda3-2024.10-1/bin:/opt/packages/anaconda3-2024.10-1/condabin:/jet/home/dboyes/.nvm/versions/node/v24.4.1/bin:/jet/home/dboyes/perl5/bin:/opt/packages/anaconda3-2022.10/bin:/opt/packages/anaconda3-2022.10/condabin:/jet/home/dboyes/.local/bin:/jet/home/dboyes/bin:/opt/packages/psc.allocations.user/bin:/opt/packages/allocations/bin:/usr/local/bin:/usr/bin:/usr/local/sbin:/usr/sbin:/opt/packages/interact/bin:/opt/puppetlabs/bin
++ export PATH
++ __LMOD_REF_COUNT_PKG_CONFIG_PATH=/opt/packages/anaconda3-2024.10-1/lib/pkgconfig:1
++ export __LMOD_REF_COUNT_PKG_CONFIG_PATH
++ PKG_CONFIG_PATH=/opt/packages/anaconda3-2024.10-1/lib/pkgconfig
++ export PKG_CONFIG_PATH
++ __LMOD_REF_COUNT__LMFILES_='/opt/modulefiles/production/allocations/1.0.lua:1;/opt/modulefiles/production/psc.allocations.user/1.0.lua:1;/opt/modulefiles/production/anaconda3/2024.10-1.lua:1'
++ export __LMOD_REF_COUNT__LMFILES_
++ _LMFILES_=/opt/modulefiles/production/allocations/1.0.lua:/opt/modulefiles/production/psc.allocations.user/1.0.lua:/opt/modulefiles/production/anaconda3/2024.10-1.lua
++ export _LMFILES_
++ _ModuleTable001_=X01vZHVsZVRhYmxlXz17WyJNVHZlcnNpb24iXT0zLFsiY19yZWJ1aWxkVGltZSJdPWZhbHNlLFsiY19zaG9ydFRpbWUiXT1mYWxzZSxkZXB0aFQ9e30sZmFtaWx5PXt9LG1UPXthbGxvY2F0aW9ucz17WyJmbiJdPSIvb3B0L21vZHVsZWZpbGVzL3Byb2R1Y3Rpb24vYWxsb2NhdGlvbnMvMS4wLmx1YSIsWyJmdWxsTmFtZSJdPSJhbGxvY2F0aW9ucy8xLjAiLFsibG9hZE9yZGVyIl09MSxwcm9wVD17fSxbInN0YWNrRGVwdGgiXT0wLFsic3RhdHVzIl09ImFjdGl2ZSIsWyJ1c2VyTmFtZSJdPSJhbGxvY2F0aW9ucyIsfSxhbmFjb25kYTM9e1siZm4iXT0iL29wdC9tb2R1bGVmaWxlcy9wcm9kdWN0aW9uL2FuYWNvbmRhMy8yMDI0LjEwLTEubHVhIixbImZ1bGxOYW1lIl09ImFuYWNv
++ export _ModuleTable001_
++ _ModuleTable002_=bmRhMy8yMDI0LjEwLTEiLFsibG9hZE9yZGVyIl09Myxwcm9wVD17fSxbInN0YWNrRGVwdGgiXT0wLFsic3RhdHVzIl09ImFjdGl2ZSIsWyJ1c2VyTmFtZSJdPSJhbmFjb25kYTMiLH0sWyJwc2MuYWxsb2NhdGlvbnMudXNlciJdPXtbImZuIl09Ii9vcHQvbW9kdWxlZmlsZXMvcHJvZHVjdGlvbi9wc2MuYWxsb2NhdGlvbnMudXNlci8xLjAubHVhIixbImZ1bGxOYW1lIl09InBzYy5hbGxvY2F0aW9ucy51c2VyLzEuMCIsWyJsb2FkT3JkZXIiXT0yLHByb3BUPXt9LFsic3RhY2tEZXB0aCJdPTAsWyJzdGF0dXMiXT0iYWN0aXZlIixbInVzZXJOYW1lIl09InBzYy5hbGxvY2F0aW9ucy51c2VyIix9LH0sbXBhdGhBPXsiL2V0Yy9zY2wvbW9kdWxlZmlsZXMiLCIvb3B0L21vZHVsZWZp
++ export _ModuleTable002_
++ _ModuleTable003_=bGVzL3Byb2R1Y3Rpb24iLCIvb3B0L21vZHVsZWZpbGVzL3ByZXByb2R1Y3Rpb24iLCIvb3B0L21vZHVsZWZpbGVzL2RlcHJlY2F0ZWQiLCIvdXNyL3NoYXJlL21vZHVsZWZpbGVzIiwiL3Vzci9zaGFyZS9tb2R1bGVmaWxlcy9MaW51eCIsIi91c3Ivc2hhcmUvbW9kdWxlZmlsZXMvQ29yZSIsIi91c3Ivc2hhcmUvbG1vZC9sbW9kL21vZHVsZWZpbGVzL0NvcmUiLH0sWyJzeXN0ZW1CYXNlTVBBVEgiXT0iL2V0Yy9zY2wvbW9kdWxlZmlsZXM6L29wdC9tb2R1bGVmaWxlcy9wcm9kdWN0aW9uOi9vcHQvbW9kdWxlZmlsZXMvcHJlcHJvZHVjdGlvbjovb3B0L21vZHVsZWZpbGVzL2RlcHJlY2F0ZWQ6L3Vzci9zaGFyZS9tb2R1bGVmaWxlczovdXNyL3NoYXJlL21vZHVsZWZpbGVzL0xp
++ export _ModuleTable003_
++ _ModuleTable004_=bnV4Oi91c3Ivc2hhcmUvbW9kdWxlZmlsZXMvQ29yZTovdXNyL3NoYXJlL2xtb2QvbG1vZC9tb2R1bGVmaWxlcy9Db3JlIix9
++ export _ModuleTable004_
++ _ModuleTable_Sz_=4
++ export _ModuleTable_Sz_
++ __LMOD_STACK_CONDA_PKGS_DIRS=JEhPTUUvLmNvbmRhL3BrZ3Mv
++ export __LMOD_STACK_CONDA_PKGS_DIRS
++ source /opt/packages/anaconda3-2024.10-1/etc/profile.d/conda.sh
+++ export CONDA_EXE=/opt/packages/anaconda3-2024.10-1/bin/conda
+++ CONDA_EXE=/opt/packages/anaconda3-2024.10-1/bin/conda
+++ export _CE_M=
+++ _CE_M=
+++ export _CE_CONDA=
+++ _CE_CONDA=
+++ export CONDA_PYTHON_EXE=/opt/packages/anaconda3-2024.10-1/bin/python
+++ CONDA_PYTHON_EXE=/opt/packages/anaconda3-2024.10-1/bin/python
+++ '[' -z x ']'
++ conda activate
++ local cmd=activate
++ case "$cmd" in
++ __conda_activate activate
++ '[' -n '' ']'
++ local ask_conda
+++ PS1=
+++ __conda_exe shell.posix activate
+++ /opt/packages/anaconda3-2024.10-1/bin/conda shell.posix activate
++ ask_conda='. "/opt/packages/anaconda3-2022.10/etc/conda/deactivate.d/udunits2-deactivate.sh"
. "/opt/packages/anaconda3-2022.10/etc/conda/deactivate.d/proj4-deactivate.sh"
PS1='\''(base) '\''
export PATH='\''/opt/packages/anaconda3-2024.10-1/bin:/opt/packages/anaconda3-2024.10-1/condabin:/jet/home/dboyes/.nvm/versions/node/v24.4.1/bin:/jet/home/dboyes/perl5/bin:/opt/packages/anaconda3-2024.10-1/bin:/opt/packages/anaconda3-2022.10/condabin:/jet/home/dboyes/.local/bin:/jet/home/dboyes/bin:/opt/packages/psc.allocations.user/bin:/opt/packages/allocations/bin:/usr/local/bin:/usr/bin:/usr/local/sbin:/usr/sbin:/opt/packages/interact/bin:/opt/puppetlabs/bin'\''
export CONDA_PREFIX='\''/opt/packages/anaconda3-2024.10-1'\''
export CONDA_SHLVL='\''2'\''
export CONDA_DEFAULT_ENV='\''base'\''
export CONDA_PROMPT_MODIFIER='\''(base) '\''
export CONDA_PREFIX_1='\''/opt/packages/anaconda3-2022.10'\''
export CONDA_EXE='\''/opt/packages/anaconda3-2024.10-1/bin/conda'\''
export _CE_M='\'''\''
export _CE_CONDA='\'''\''
export CONDA_PYTHON_EXE='\''/opt/packages/anaconda3-2024.10-1/bin/python'\''
. "/opt/packages/anaconda3-2024.10-1/etc/conda/activate.d/libglib_activate.sh"'
++ eval '. "/opt/packages/anaconda3-2022.10/etc/conda/deactivate.d/udunits2-deactivate.sh"
. "/opt/packages/anaconda3-2022.10/etc/conda/deactivate.d/proj4-deactivate.sh"
PS1='\''(base) '\''
export PATH='\''/opt/packages/anaconda3-2024.10-1/bin:/opt/packages/anaconda3-2024.10-1/condabin:/jet/home/dboyes/.nvm/versions/node/v24.4.1/bin:/jet/home/dboyes/perl5/bin:/opt/packages/anaconda3-2024.10-1/bin:/opt/packages/anaconda3-2022.10/condabin:/jet/home/dboyes/.local/bin:/jet/home/dboyes/bin:/opt/packages/psc.allocations.user/bin:/opt/packages/allocations/bin:/usr/local/bin:/usr/bin:/usr/local/sbin:/usr/sbin:/opt/packages/interact/bin:/opt/puppetlabs/bin'\''
export CONDA_PREFIX='\''/opt/packages/anaconda3-2024.10-1'\''
export CONDA_SHLVL='\''2'\''
export CONDA_DEFAULT_ENV='\''base'\''
export CONDA_PROMPT_MODIFIER='\''(base) '\''
export CONDA_PREFIX_1='\''/opt/packages/anaconda3-2022.10'\''
export CONDA_EXE='\''/opt/packages/anaconda3-2024.10-1/bin/conda'\''
export _CE_M='\'''\''
export _CE_CONDA='\'''\''
export CONDA_PYTHON_EXE='\''/opt/packages/anaconda3-2024.10-1/bin/python'\''
. "/opt/packages/anaconda3-2024.10-1/etc/conda/activate.d/libglib_activate.sh"'
+++ . /opt/packages/anaconda3-2022.10/etc/conda/deactivate.d/udunits2-deactivate.sh
++++ unset UDUNITS2_XML_PATH
++++ [[ -n '' ]]
+++ . /opt/packages/anaconda3-2022.10/etc/conda/deactivate.d/proj4-deactivate.sh
++++ unset PROJ_LIB
++++ unset PROJ_NETWORK
++++ '[' -n '' ']'
+++ PS1='(base) '
+++ export PATH=/opt/packages/anaconda3-2024.10-1/bin:/opt/packages/anaconda3-2024.10-1/condabin:/jet/home/dboyes/.nvm/versions/node/v24.4.1/bin:/jet/home/dboyes/perl5/bin:/opt/packages/anaconda3-2024.10-1/bin:/opt/packages/anaconda3-2022.10/condabin:/jet/home/dboyes/.local/bin:/jet/home/dboyes/bin:/opt/packages/psc.allocations.user/bin:/opt/packages/allocations/bin:/usr/local/bin:/usr/bin:/usr/local/sbin:/usr/sbin:/opt/packages/interact/bin:/opt/puppetlabs/bin
+++ PATH=/opt/packages/anaconda3-2024.10-1/bin:/opt/packages/anaconda3-2024.10-1/condabin:/jet/home/dboyes/.nvm/versions/node/v24.4.1/bin:/jet/home/dboyes/perl5/bin:/opt/packages/anaconda3-2024.10-1/bin:/opt/packages/anaconda3-2022.10/condabin:/jet/home/dboyes/.local/bin:/jet/home/dboyes/bin:/opt/packages/psc.allocations.user/bin:/opt/packages/allocations/bin:/usr/local/bin:/usr/bin:/usr/local/sbin:/usr/sbin:/opt/packages/interact/bin:/opt/puppetlabs/bin
+++ export CONDA_PREFIX=/opt/packages/anaconda3-2024.10-1
+++ CONDA_PREFIX=/opt/packages/anaconda3-2024.10-1
+++ export CONDA_SHLVL=2
+++ CONDA_SHLVL=2
+++ export CONDA_DEFAULT_ENV=base
+++ CONDA_DEFAULT_ENV=base
+++ export 'CONDA_PROMPT_MODIFIER=(base) '
+++ CONDA_PROMPT_MODIFIER='(base) '
+++ export CONDA_PREFIX_1=/opt/packages/anaconda3-2022.10
+++ CONDA_PREFIX_1=/opt/packages/anaconda3-2022.10
+++ export CONDA_EXE=/opt/packages/anaconda3-2024.10-1/bin/conda
+++ CONDA_EXE=/opt/packages/anaconda3-2024.10-1/bin/conda
+++ export _CE_M=
+++ _CE_M=
+++ export _CE_CONDA=
+++ _CE_CONDA=
+++ export CONDA_PYTHON_EXE=/opt/packages/anaconda3-2024.10-1/bin/python
+++ CONDA_PYTHON_EXE=/opt/packages/anaconda3-2024.10-1/bin/python
+++ . /opt/packages/anaconda3-2024.10-1/etc/conda/activate.d/libglib_activate.sh
++++ export GSETTINGS_SCHEMA_DIR_CONDA_BACKUP=
++++ GSETTINGS_SCHEMA_DIR_CONDA_BACKUP=
++++ export GSETTINGS_SCHEMA_DIR=/opt/packages/anaconda3-2024.10-1/share/glib-2.0/schemas
++++ GSETTINGS_SCHEMA_DIR=/opt/packages/anaconda3-2024.10-1/share/glib-2.0/schemas
++ __conda_hashr
++ '[' -n '' ']'
++ '[' -n '' ']'
++ hash -r
++ : -s sh
+ eval
+ ret=0
+ /usr/share/lmod/8.2.7/libexec/log_modules load anaconda3
+ return 0
+ conda activate vit
+ local cmd=activate
+ case "$cmd" in
+ __conda_activate activate vit
+ '[' -n '' ']'
+ local ask_conda
++ PS1='(base) '
++ __conda_exe shell.posix activate vit
++ /opt/packages/anaconda3-2024.10-1/bin/conda shell.posix activate vit
+ ask_conda='. "/opt/packages/anaconda3-2024.10-1/etc/conda/deactivate.d/libglib_deactivate.sh"
PS1='\''(vit) '\''
export PATH='\''/jet/home/dboyes/.conda/envs/vit/bin:/opt/packages/anaconda3-2024.10-1/condabin:/jet/home/dboyes/.nvm/versions/node/v24.4.1/bin:/jet/home/dboyes/perl5/bin:/opt/packages/anaconda3-2024.10-1/bin:/opt/packages/anaconda3-2022.10/condabin:/jet/home/dboyes/.local/bin:/jet/home/dboyes/bin:/opt/packages/psc.allocations.user/bin:/opt/packages/allocations/bin:/usr/local/bin:/usr/bin:/usr/local/sbin:/usr/sbin:/opt/packages/interact/bin:/opt/puppetlabs/bin'\''
export CONDA_PREFIX='\''/jet/home/dboyes/.conda/envs/vit'\''
export CONDA_SHLVL='\''3'\''
export CONDA_DEFAULT_ENV='\''vit'\''
export CONDA_PROMPT_MODIFIER='\''(vit) '\''
export CONDA_PREFIX_2='\''/opt/packages/anaconda3-2024.10-1'\''
export CONDA_EXE='\''/opt/packages/anaconda3-2024.10-1/bin/conda'\''
export _CE_M='\'''\''
export _CE_CONDA='\'''\''
export CONDA_PYTHON_EXE='\''/opt/packages/anaconda3-2024.10-1/bin/python'\'''
+ eval '. "/opt/packages/anaconda3-2024.10-1/etc/conda/deactivate.d/libglib_deactivate.sh"
PS1='\''(vit) '\''
export PATH='\''/jet/home/dboyes/.conda/envs/vit/bin:/opt/packages/anaconda3-2024.10-1/condabin:/jet/home/dboyes/.nvm/versions/node/v24.4.1/bin:/jet/home/dboyes/perl5/bin:/opt/packages/anaconda3-2024.10-1/bin:/opt/packages/anaconda3-2022.10/condabin:/jet/home/dboyes/.local/bin:/jet/home/dboyes/bin:/opt/packages/psc.allocations.user/bin:/opt/packages/allocations/bin:/usr/local/bin:/usr/bin:/usr/local/sbin:/usr/sbin:/opt/packages/interact/bin:/opt/puppetlabs/bin'\''
export CONDA_PREFIX='\''/jet/home/dboyes/.conda/envs/vit'\''
export CONDA_SHLVL='\''3'\''
export CONDA_DEFAULT_ENV='\''vit'\''
export CONDA_PROMPT_MODIFIER='\''(vit) '\''
export CONDA_PREFIX_2='\''/opt/packages/anaconda3-2024.10-1'\''
export CONDA_EXE='\''/opt/packages/anaconda3-2024.10-1/bin/conda'\''
export _CE_M='\'''\''
export _CE_CONDA='\'''\''
export CONDA_PYTHON_EXE='\''/opt/packages/anaconda3-2024.10-1/bin/python'\'''
++ . /opt/packages/anaconda3-2024.10-1/etc/conda/deactivate.d/libglib_deactivate.sh
+++ export GSETTINGS_SCHEMA_DIR=
+++ GSETTINGS_SCHEMA_DIR=
+++ unset GSETTINGS_SCHEMA_DIR_CONDA_BACKUP
+++ '[' -z ']'
+++ unset GSETTINGS_SCHEMA_DIR
++ PS1='(vit) '
++ export PATH=/jet/home/dboyes/.conda/envs/vit/bin:/opt/packages/anaconda3-2024.10-1/condabin:/jet/home/dboyes/.nvm/versions/node/v24.4.1/bin:/jet/home/dboyes/perl5/bin:/opt/packages/anaconda3-2024.10-1/bin:/opt/packages/anaconda3-2022.10/condabin:/jet/home/dboyes/.local/bin:/jet/home/dboyes/bin:/opt/packages/psc.allocations.user/bin:/opt/packages/allocations/bin:/usr/local/bin:/usr/bin:/usr/local/sbin:/usr/sbin:/opt/packages/interact/bin:/opt/puppetlabs/bin
++ PATH=/jet/home/dboyes/.conda/envs/vit/bin:/opt/packages/anaconda3-2024.10-1/condabin:/jet/home/dboyes/.nvm/versions/node/v24.4.1/bin:/jet/home/dboyes/perl5/bin:/opt/packages/anaconda3-2024.10-1/bin:/opt/packages/anaconda3-2022.10/condabin:/jet/home/dboyes/.local/bin:/jet/home/dboyes/bin:/opt/packages/psc.allocations.user/bin:/opt/packages/allocations/bin:/usr/local/bin:/usr/bin:/usr/local/sbin:/usr/sbin:/opt/packages/interact/bin:/opt/puppetlabs/bin
++ export CONDA_PREFIX=/jet/home/dboyes/.conda/envs/vit
++ CONDA_PREFIX=/jet/home/dboyes/.conda/envs/vit
++ export CONDA_SHLVL=3
++ CONDA_SHLVL=3
++ export CONDA_DEFAULT_ENV=vit
++ CONDA_DEFAULT_ENV=vit
++ export 'CONDA_PROMPT_MODIFIER=(vit) '
++ CONDA_PROMPT_MODIFIER='(vit) '
++ export CONDA_PREFIX_2=/opt/packages/anaconda3-2024.10-1
++ CONDA_PREFIX_2=/opt/packages/anaconda3-2024.10-1
++ export CONDA_EXE=/opt/packages/anaconda3-2024.10-1/bin/conda
++ CONDA_EXE=/opt/packages/anaconda3-2024.10-1/bin/conda
++ export _CE_M=
++ _CE_M=
++ export _CE_CONDA=
++ _CE_CONDA=
++ export CONDA_PYTHON_EXE=/opt/packages/anaconda3-2024.10-1/bin/python
++ CONDA_PYTHON_EXE=/opt/packages/anaconda3-2024.10-1/bin/python
+ __conda_hashr
+ '[' -n '' ']'
+ '[' -n '' ']'
+ hash -r
+ torchrun --standalone --nnodes=1 --nproc-per-node=8 train.py
W0729 12:22:44.108000 95100 site-packages/torch/distributed/run.py:766] 
W0729 12:22:44.108000 95100 site-packages/torch/distributed/run.py:766] *****************************************
W0729 12:22:44.108000 95100 site-packages/torch/distributed/run.py:766] Setting OMP_NUM_THREADS environment variable for each process to be 1 in default, to avoid your system being overloaded, please further tune the variable for optimal performance in your application as needed. 
W0729 12:22:44.108000 95100 site-packages/torch/distributed/run.py:766] *****************************************
/jet/home/dboyes/.conda/envs/vit/bin/python3.13: can't open file '/ocean/projects/bio250058p/dboyes/ImageLibrary/Biofilm-Phenotype-Landscape/src/train.py': [Errno 2] No such file or directory
/jet/home/dboyes/.conda/envs/vit/bin/python3.13: can't open file '/ocean/projects/bio250058p/dboyes/ImageLibrary/Biofilm-Phenotype-Landscape/src/train.py': [Errno 2] No such file or directory
/jet/home/dboyes/.conda/envs/vit/bin/python3.13: can't open file '/ocean/projects/bio250058p/dboyes/ImageLibrary/Biofilm-Phenotype-Landscape/src/train.py': [Errno 2] No such file or directory
/jet/home/dboyes/.conda/envs/vit/bin/python3.13: can't open file '/ocean/projects/bio250058p/dboyes/ImageLibrary/Biofilm-Phenotype-Landscape/src/train.py': [Errno 2] No such file or directory
/jet/home/dboyes/.conda/envs/vit/bin/python3.13: can't open file '/ocean/projects/bio250058p/dboyes/ImageLibrary/Biofilm-Phenotype-Landscape/src/train.py': [Errno 2] No such file or directory
/jet/home/dboyes/.conda/envs/vit/bin/python3.13: can't open file '/ocean/projects/bio250058p/dboyes/ImageLibrary/Biofilm-Phenotype-Landscape/src/train.py': [Errno 2] No such file or directory
/jet/home/dboyes/.conda/envs/vit/bin/python3.13: can't open file '/ocean/projects/bio250058p/dboyes/ImageLibrary/Biofilm-Phenotype-Landscape/src/train.py': [Errno 2] No such file or directory
/jet/home/dboyes/.conda/envs/vit/bin/python3.13: can't open file '/ocean/projects/bio250058p/dboyes/ImageLibrary/Biofilm-Phenotype-Landscape/src/train.py': [Errno 2] No such file or directory
E0729 12:22:44.328000 95100 site-packages/torch/distributed/elastic/multiprocessing/api.py:874] failed (exitcode: 2) local_rank: 0 (pid: 95178) of binary: /jet/home/dboyes/.conda/envs/vit/bin/python3.13
Traceback (most recent call last):
  File "/jet/home/dboyes/.conda/envs/vit/bin/torchrun", line 8, in <module>
    sys.exit(main())
             ~~~~^^
  File "/jet/home/dboyes/.conda/envs/vit/lib/python3.13/site-packages/torch/distributed/elastic/multiprocessing/errors/__init__.py", line 355, in wrapper
    return f(*args, **kwargs)
  File "/jet/home/dboyes/.conda/envs/vit/lib/python3.13/site-packages/torch/distributed/run.py", line 892, in main
    run(args)
    ~~~^^^^^^
  File "/jet/home/dboyes/.conda/envs/vit/lib/python3.13/site-packages/torch/distributed/run.py", line 883, in run
    elastic_launch(
    ~~~~~~~~~~~~~~~
        config=config,
        ~~~~~~~~~~~~~~
        entrypoint=cmd,
        ~~~~~~~~~~~~~~~
    )(*cmd_args)
    ~^^^^^^^^^^^
  File "/jet/home/dboyes/.conda/envs/vit/lib/python3.13/site-packages/torch/distributed/launcher/api.py", line 139, in __call__
    return launch_agent(self._config, self._entrypoint, list(args))
  File "/jet/home/dboyes/.conda/envs/vit/lib/python3.13/site-packages/torch/distributed/launcher/api.py", line 270, in launch_agent
    raise ChildFailedError(
    ...<2 lines>...
    )
torch.distributed.elastic.multiprocessing.errors.ChildFailedError: 
============================================================
train.py FAILED
------------------------------------------------------------
Failures:
[1]:
  time      : 2025-07-29_12:22:44
  host      : w010.ib.bridges2.psc.edu
  rank      : 1 (local_rank: 1)
  exitcode  : 2 (pid: 95179)
  error_file: <N/A>
  traceback : To enable traceback see: https://pytorch.org/docs/stable/elastic/errors.html
[2]:
  time      : 2025-07-29_12:22:44
  host      : w010.ib.bridges2.psc.edu
  rank      : 2 (local_rank: 2)
  exitcode  : 2 (pid: 95180)
  error_file: <N/A>
  traceback : To enable traceback see: https://pytorch.org/docs/stable/elastic/errors.html
[3]:
  time      : 2025-07-29_12:22:44
  host      : w010.ib.bridges2.psc.edu
  rank      : 3 (local_rank: 3)
  exitcode  : 2 (pid: 95181)
  error_file: <N/A>
  traceback : To enable traceback see: https://pytorch.org/docs/stable/elastic/errors.html
[4]:
  time      : 2025-07-29_12:22:44
  host      : w010.ib.bridges2.psc.edu
  rank      : 4 (local_rank: 4)
  exitcode  : 2 (pid: 95182)
  error_file: <N/A>
  traceback : To enable traceback see: https://pytorch.org/docs/stable/elastic/errors.html
[5]:
  time      : 2025-07-29_12:22:44
  host      : w010.ib.bridges2.psc.edu
  rank      : 5 (local_rank: 5)
  exitcode  : 2 (pid: 95183)
  error_file: <N/A>
  traceback : To enable traceback see: https://pytorch.org/docs/stable/elastic/errors.html
[6]:
  time      : 2025-07-29_12:22:44
  host      : w010.ib.bridges2.psc.edu
  rank      : 6 (local_rank: 6)
  exitcode  : 2 (pid: 95184)
  error_file: <N/A>
  traceback : To enable traceback see: https://pytorch.org/docs/stable/elastic/errors.html
[7]:
  time      : 2025-07-29_12:22:44
  host      : w010.ib.bridges2.psc.edu
  rank      : 7 (local_rank: 7)
  exitcode  : 2 (pid: 95185)
  error_file: <N/A>
  traceback : To enable traceback see: https://pytorch.org/docs/stable/elastic/errors.html
------------------------------------------------------------
Root Cause (first observed failure):
[0]:
  time      : 2025-07-29_12:22:44
  host      : w010.ib.bridges2.psc.edu
  rank      : 0 (local_rank: 0)
  exitcode  : 2 (pid: 95178)
  error_file: <N/A>
  traceback : To enable traceback see: https://pytorch.org/docs/stable/elastic/errors.html
============================================================
